<?xml version="1.0" encoding="UTF-8"?>
<!-- Generated by org.testng.reporters.JUnitReportReporter -->
<testsuite hostname="DESKTOP-8923KN6" failures="0" tests="1" name="NewTest" time="23.142" errors="0" timestamp="2023-03-28T22:30:27 AST" skipped="0">
  <testcase classname="NewTest" name="f" time="23.142"/>
  <system-out/>
</testsuite> <!-- NewTest -->
