<?xml version="1.0" encoding="UTF-8"?>
<!-- Generated by org.testng.reporters.JUnitReportReporter -->
<testsuite hostname="DESKTOP-8923KN6" failures="0" tests="1" name="github.test.NewTest2" time="0.013" errors="0" timestamp="2023-03-29T15:37:24 AST" skipped="0">
  <testcase classname="github.test.NewTest2" name="f" time="0.013"/>
  <system-out/>
</testsuite> <!-- github.test.NewTest2 -->
